2020-04-05 19:54:26,050 - instabot version: 0.117.0 (bot) - INFO - Instabot version: 0.117.0 Started
2020-04-05 19:54:26,075 - instabot version: 0.117.0 (bot) - DEBUG - Bot imported from C:\Users\Matias\anaconda3\lib\site-packages\instabot\bot\bot.py
2020-04-05 19:55:01,027 - instabot version: 0.117.0 (bot) - INFO - Instabot version: 0.117.0 Started
2020-04-05 19:55:01,036 - instabot version: 0.117.0 (bot) - DEBUG - Bot imported from C:\Users\Matias\anaconda3\lib\site-packages\instabot\bot\bot.py
2020-04-05 19:55:18,584 - instabot version: 0.117.0 (bot) - INFO - Instabot version: 0.117.0 Started
2020-04-05 19:55:18,599 - instabot version: 0.117.0 (bot) - DEBUG - Bot imported from C:\Users\Matias\anaconda3\lib\site-packages\instabot\bot\bot.py
2020-04-05 19:55:31,474 - instabot version: 0.117.0 (bot) - INFO - Instabot version: 0.117.0 Started
2020-04-05 19:55:31,495 - instabot version: 0.117.0 (bot) - DEBUG - Bot imported from C:\Users\Matias\anaconda3\lib\site-packages\instabot\bot\bot.py
2020-04-05 19:55:57,573 - instabot version: 0.117.0 (bot) - INFO - Instabot version: 0.117.0 Started
2020-04-05 19:55:57,592 - instabot version: 0.117.0 (bot) - DEBUG - Bot imported from C:\Users\Matias\anaconda3\lib\site-packages\instabot\bot\bot.py
2020-04-05 19:56:30,767 - instabot version: 0.117.0 (bot) - INFO - Instabot version: 0.117.0 Started
2020-04-05 19:56:30,792 - instabot version: 0.117.0 (bot) - DEBUG - Bot imported from C:\Users\Matias\anaconda3\lib\site-packages\instabot\bot\bot.py
2020-04-05 19:56:30,798 - instabot version: 0.117.0 (api_login) - DEBUG - Loading cookies
2020-04-05 19:56:30,802 - instabot version: 0.117.0 (api_login) - DEBUG - Loading uuids
2020-04-05 19:56:30,804 - instabot version: 0.117.0 (api_login) - INFO - Recovery from C:\Users\Matias\Python Course/config/bruno_varani_uuid_and_cookie.json: COOKIE True - UUIDs True - TIMING, DEVICE and ...
- user-agent=Instagram 117.0.0.28.123 Android (28/9.0; 420dpi; 1080x1920; OnePlus; ONEPLUS A3003; OnePlus3; qcom; en_US; 180322800)
- phone_id=4e9db437-da0b-469b-863c-93b124e5a3e0
- uuid=1b6b70be-196d-4b61-9357-2529c278973d
- client_session_id=623398ba-e3b5-4ed3-a585-c7190d4da8a7
- device_id=android-5d722a44d48ea7de
2020-04-05 19:56:30,827 - instabot version: 0.117.0 (api_login) - INFO - LOGIN FLOW! Just logged-in: False
2020-04-05 19:56:32,822 - instabot version: 0.117.0 (api) - DEBUG - POST to endpoint: feed/timeline/ returned response: <Response [200]>
2020-04-05 19:56:34,129 - instabot version: 0.117.0 (api) - DEBUG - POST to endpoint: feed/reels_tray/ returned response: <Response [200]>
2020-04-05 19:56:34,136 - instabot version: 0.117.0 (api) - INFO - Logged-in successfully as 'bruno_varani'!
2020-04-05 19:56:34,153 - instabot version: 0.117.0 (bot_checkpoint) - DEBUG - Loading Checkpoint file from: C:\Users\Matias\Python Course/config/bruno_varani.checkpoint
2020-04-05 19:56:57,659 - instabot version: 0.117.0 (bot) - INFO - Instabot version: 0.117.0 Started
2020-04-05 19:56:57,678 - instabot version: 0.117.0 (bot) - DEBUG - Bot imported from C:\Users\Matias\anaconda3\lib\site-packages\instabot\bot\bot.py
2020-04-05 19:56:57,685 - instabot version: 0.117.0 (api_login) - DEBUG - Loading cookies
2020-04-05 19:56:57,688 - instabot version: 0.117.0 (api_login) - DEBUG - Loading uuids
2020-04-05 19:56:57,689 - instabot version: 0.117.0 (api_login) - INFO - Recovery from C:\Users\Matias\Python Course/config/bruno_varani_uuid_and_cookie.json: COOKIE True - UUIDs True - TIMING, DEVICE and ...
- user-agent=Instagram 117.0.0.28.123 Android (28/9.0; 420dpi; 1080x1920; OnePlus; ONEPLUS A3003; OnePlus3; qcom; en_US; 180322800)
- phone_id=4e9db437-da0b-469b-863c-93b124e5a3e0
- uuid=1b6b70be-196d-4b61-9357-2529c278973d
- client_session_id=623398ba-e3b5-4ed3-a585-c7190d4da8a7
- device_id=android-5d722a44d48ea7de
2020-04-05 19:56:57,723 - instabot version: 0.117.0 (api_login) - INFO - LOGIN FLOW! Just logged-in: False
2020-04-05 19:56:58,558 - instabot version: 0.117.0 (api) - DEBUG - POST to endpoint: feed/timeline/ returned response: <Response [200]>
2020-04-05 19:56:59,566 - instabot version: 0.117.0 (api) - DEBUG - POST to endpoint: feed/reels_tray/ returned response: <Response [200]>
2020-04-05 19:56:59,579 - instabot version: 0.117.0 (api) - INFO - Logged-in successfully as 'bruno_varani'!
2020-04-05 19:56:59,612 - instabot version: 0.117.0 (bot_checkpoint) - DEBUG - Loading Checkpoint file from: C:\Users\Matias\Python Course/config/bruno_varani.checkpoint
