2020-04-05 19:35:15,611 - instabot version: 0.117.0 (bot) - INFO - Instabot version: 0.117.0 Started
2020-04-05 19:35:15,625 - instabot version: 0.117.0 (bot) - DEBUG - Bot imported from C:\Users\Matias\anaconda3\lib\site-packages\instabot\bot\bot.py
2020-04-05 19:35:15,629 - instabot version: 0.117.0 (api_login) - INFO - Not yet logged in starting: PRE-LOGIN FLOW!
2020-04-05 19:35:16,014 - instabot version: 0.117.0 (api) - DEBUG - POST to endpoint: accounts/get_prefill_candidates/ returned response: <Response [200]>
2020-04-05 19:35:16,348 - instabot version: 0.117.0 (api) - DEBUG - POST to endpoint: qe/sync/ returned response: <Response [200]>
2020-04-05 19:35:16,689 - instabot version: 0.117.0 (api) - DEBUG - POST to endpoint: launcher/sync/ returned response: <Response [200]>
2020-04-05 19:35:17,012 - instabot version: 0.117.0 (api) - DEBUG - POST to endpoint: accounts/contact_point_prefill/ returned response: <Response [200]>
2020-04-05 19:35:19,660 - instabot version: 0.117.0 (api) - DEBUG - POST to endpoint: accounts/login/ returned response: <Response [400]>
2020-04-05 19:35:19,660 - instabot version: 0.117.0 (api) - DEBUG - Responsecode indicates error; response content: b'{"message": "The password you entered is incorrect. Please try again.", "invalid_credentials": true, "error_title": "Incorrect password for mi_nombre_de_usuario", "buttons": [{"title": "Try Again", "action": "dismiss"}], "status": "fail", "error_type": "bad_password"}'
2020-04-05 19:35:19,661 - instabot version: 0.117.0 (api) - ERROR - Request returns 400 error!
2020-04-05 19:35:19,666 - instabot version: 0.117.0 (api) - INFO - Instagram's error message: The password you entered is incorrect. Please try again.
2020-04-05 19:35:19,670 - instabot version: 0.117.0 (api) - INFO - Error type: bad_password
2020-04-05 19:35:19,673 - instabot version: 0.117.0 (api) - ERROR - Failed to login go to instagram and change your password
2020-04-05 19:35:19,678 - instabot version: 0.117.0 (api) - INFO - Username or password is incorrect.
2020-04-05 19:35:45,114 - instabot version: 0.117.0 (bot) - INFO - Instabot version: 0.117.0 Started
2020-04-05 19:35:45,120 - instabot version: 0.117.0 (bot) - DEBUG - Bot imported from C:\Users\Matias\anaconda3\lib\site-packages\instabot\bot\bot.py
2020-04-05 19:35:45,125 - instabot version: 0.117.0 (api_login) - INFO - Not yet logged in starting: PRE-LOGIN FLOW!
2020-04-05 19:35:45,515 - instabot version: 0.117.0 (api) - DEBUG - POST to endpoint: accounts/get_prefill_candidates/ returned response: <Response [200]>
2020-04-05 19:35:45,822 - instabot version: 0.117.0 (api) - DEBUG - POST to endpoint: qe/sync/ returned response: <Response [200]>
2020-04-05 19:35:46,147 - instabot version: 0.117.0 (api) - DEBUG - POST to endpoint: launcher/sync/ returned response: <Response [200]>
2020-04-05 19:35:46,459 - instabot version: 0.117.0 (api) - DEBUG - POST to endpoint: accounts/contact_point_prefill/ returned response: <Response [200]>
2020-04-05 19:35:51,188 - instabot version: 0.117.0 (api) - DEBUG - POST to endpoint: accounts/login/ returned response: <Response [200]>
2020-04-05 19:35:51,189 - instabot version: 0.117.0 (api) - INFO - Logged-in successfully as 'bruno_varani'!
2020-04-05 19:35:51,195 - instabot version: 0.117.0 (api_login) - INFO - LOGIN FLOW! Just logged-in: True
2020-04-05 19:35:51,570 - instabot version: 0.117.0 (api) - DEBUG - POST to endpoint: qe/sync/ returned response: <Response [200]>
2020-04-05 19:35:51,902 - instabot version: 0.117.0 (api) - DEBUG - POST to endpoint: launcher/sync/ returned response: <Response [200]>
2020-04-05 19:35:52,229 - instabot version: 0.117.0 (api) - DEBUG - GET to endpoint: zr/token/result/?device_id=android-5d722a44d48ea7de&token_hash=&custom_device_id=android-5d722a44d48ea7de&fetch_reason=token_expired returned response: <Response [200]>
2020-04-05 19:35:52,554 - instabot version: 0.117.0 (api) - DEBUG - GET to endpoint: multiple_accounts/get_account_family/ returned response: <Response [200]>
2020-04-05 19:35:52,901 - instabot version: 0.117.0 (api) - DEBUG - POST to endpoint: qe/sync/ returned response: <Response [200]>
2020-04-05 19:35:53,533 - instabot version: 0.117.0 (api) - DEBUG - GET to endpoint: igtv/browse_feed/?prefetch=1 returned response: <Response [200]>
2020-04-05 19:35:53,904 - instabot version: 0.117.0 (api) - DEBUG - POST to endpoint: creatives/ar_class/ returned response: <Response [200]>
2020-04-05 19:35:55,084 - instabot version: 0.117.0 (api) - DEBUG - POST to endpoint: feed/reels_tray/ returned response: <Response [200]>
2020-04-05 19:35:57,809 - instabot version: 0.117.0 (api) - DEBUG - POST to endpoint: feed/timeline/ returned response: <Response [200]>
2020-04-05 19:35:58,199 - instabot version: 0.117.0 (api) - DEBUG - GET to endpoint: media/blocked/ returned response: <Response [200]>
2020-04-05 19:35:59,086 - instabot version: 0.117.0 (api) - DEBUG - GET to endpoint: news/inbox/ returned response: <Response [200]>
2020-04-05 19:35:59,455 - instabot version: 0.117.0 (api) - DEBUG - GET to endpoint: loom/fetch_config/ returned response: <Response [200]>
2020-04-05 19:36:01,816 - instabot version: 0.117.0 (api) - DEBUG - GET to endpoint: scores/bootstrap/users/?surfaces=["autocomplete_user_list","coefficient_besties_list_ranking","coefficient_rank_recipient_user_suggestion","coefficient_ios_section_test_bootstrap_ranking","coefficient_direct_recipients_ranking_variant_2"] returned response: <Response [200]>
2020-04-05 19:36:02,178 - instabot version: 0.117.0 (api) - DEBUG - GET to endpoint: business/eligibility/get_monetization_products_eligibility_data/?product_types=branded_content returned response: <Response [200]>
2020-04-05 19:36:02,519 - instabot version: 0.117.0 (api) - DEBUG - GET to endpoint: business/branded_content/should_require_professional_account/ returned response: <Response [200]>
2020-04-05 19:36:02,934 - instabot version: 0.117.0 (api) - DEBUG - GET to endpoint: linked_accounts/get_linkage_status/ returned response: <Response [200]>
2020-04-05 19:36:03,266 - instabot version: 0.117.0 (api) - DEBUG - GET to endpoint: locations/request_country/ returned response: <Response [200]>
2020-04-05 19:36:03,621 - instabot version: 0.117.0 (api) - DEBUG - GET to endpoint: qp/get_cooldowns/?signed_body=signed_body=4b9c516a5410a3bc128e09c6104a7f042146b9c2023870560c63a43a7f66781c.4&ig_sig_key_version=4&ig_sig_key_version=4 returned response: <Response [200]>
2020-04-05 19:36:03,967 - instabot version: 0.117.0 (api) - DEBUG - GET to endpoint: users/arlink_download_info/?version_override=2.2.1 returned response: <Response [200]>
2020-04-05 19:36:04,502 - instabot version: 0.117.0 (api) - DEBUG - GET to endpoint: users/278815529/info/ returned response: <Response [200]>
2020-04-05 19:36:04,853 - instabot version: 0.117.0 (api) - DEBUG - GET to endpoint: direct_v2/get_presence/ returned response: <Response [200]>
2020-04-05 19:36:06,204 - instabot version: 0.117.0 (api) - DEBUG - GET to endpoint: direct_v2/inbox/?visual_message_return_type=unseen&thread_message_limit=10&persistentBadging=true&limit=20 returned response: <Response [200]>
2020-04-05 19:36:06,564 - instabot version: 0.117.0 (api) - DEBUG - GET to endpoint: direct_v2/inbox/?visual_message_return_type=unseen&persistentBadging=true&limit=0 returned response: <Response [200]>
2020-04-05 19:36:08,108 - instabot version: 0.117.0 (api) - DEBUG - GET to endpoint: discover/topical_explore/?is_prefetch=true&omit_cover_media=true&use_sectional_payload=true&timezone_offset=0&session_id=623398ba-e3b5-4ed3-a585-c7190d4da8a7&include_fixed_destinations=true returned response: <Response [200]>
2020-04-05 19:36:08,467 - instabot version: 0.117.0 (api) - DEBUG - POST to endpoint: notifications/badge/ returned response: <Response [200]>
2020-04-05 19:36:09,054 - instabot version: 0.117.0 (api) - DEBUG - POST to endpoint: qp/batch_fetch/ returned response: <Response [200]>
2020-04-05 19:36:09,057 - instabot version: 0.117.0 (bot_checkpoint) - DEBUG - Loading Checkpoint file from: C:\Users\Matias\Python Course/config/bruno_varani.checkpoint
2020-04-05 19:43:24,660 - instabot version: 0.117.0 (bot_like) - INFO - Going to like media with hashtag #workout.
2020-04-05 19:43:28,960 - instabot version: 0.117.0 (api) - DEBUG - GET to endpoint: feed/tag/workout/?max_id=&rank_token=278815529_1b6b70be-196d-4b61-9357-2529c278973d&ranked_content=true& returned response: <Response [200]>
2020-04-05 19:43:29,594 - instabot version: 0.117.0 (api) - DEBUG - GET to endpoint: tags/search/?is_typeahead=true&q=workout&rank_token=278815529_1b6b70be-196d-4b61-9357-2529c278973d returned response: <Response [200]>
2020-04-05 19:43:29,596 - instabot version: 0.117.0 (bot_like) - INFO - Going to like 78 medias.
2020-04-05 19:43:30,053 - instabot version: 0.117.0 (api) - DEBUG - GET to endpoint: media/2280917375591115498_9214421/info/ returned response: <Response [200]>
2020-04-05 19:43:30,473 - instabot version: 0.117.0 (api) - DEBUG - GET to endpoint: media/2280917375591115498_9214421/info/ returned response: <Response [200]>
2020-04-05 19:43:30,895 - instabot version: 0.117.0 (api) - DEBUG - GET to endpoint: media/2280917375591115498_9214421/comments/ returned response: <Response [200]>
